<?xml version="1.0" encoding="UTF-8"?>
<!-- Generated by org.testng.reporters.JUnitReportReporter -->
<testsuite hostname="DESKTOP-1U92PBD" failures="0" tests="1" name="tests.flipcarttest" time="22.791" errors="0" timestamp="2023-01-22T18:12:42 CST" skipped="0">
  <testcase classname="tests.flipcarttest" name="verifyPurchaseItem" time="22.791"/>
  <system-out/>
</testsuite> <!-- tests.flipcarttest -->
